[INFO] Scanning for projects...
[INFO] 
[INFO] --------------------< io.jettra:jettra-web-vaadin >---------------------
[INFO] Building jettra-web-vaadin 1.0.0-SNAPSHOT
[INFO]   from pom.xml
[INFO] --------------------------------[ jar ]---------------------------------
[WARNING] The artifact io.quarkus:quarkus-resteasy-reactive-jackson:jar:3.15.1 has been relocated to io.quarkus:quarkus-rest-jackson:jar:3.15.1: Update the artifactId in your project build file. Refer to https://github.com/quarkusio/quarkus/wiki/Migration-Guide-3.9 for more information.
[WARNING] The artifact io.quarkus:quarkus-rest-client-reactive-jackson:jar:3.15.1 has been relocated to io.quarkus:quarkus-rest-client-jackson:jar:3.15.1: Update the artifactId in your project build file. Refer to https://github.com/quarkusio/quarkus/wiki/Migration-Guide-3.9 for more information.
[INFO] 
[INFO] --- clean:3.2.0:clean (default-clean) @ jettra-web-vaadin ---
[INFO] Deleting /home/avbravo/NetBeansProjects/jettrastack_local/jettraDB/jettra-web-vaadin/target
[INFO] 
[INFO] --- resources:3.3.1:resources (default-resources) @ jettra-web-vaadin ---
[INFO] Copying 1 resource from src/main/resources to target/classes
[INFO] 
[INFO] --- quarkus:3.15.1:generate-code (default) @ jettra-web-vaadin ---
[INFO] 
[INFO] --- compiler:3.13.0:compile (default-compile) @ jettra-web-vaadin ---
[INFO] Recompiling the module because of changed source code.
[INFO] Compiling 10 source files with javac [debug release 21] to target/classes
[INFO] 
[INFO] >>> vaadin:24.5.3:prepare-frontend (default) > :configure @ jettra-web-vaadin >>>
[WARNING] The artifact io.quarkus:quarkus-resteasy-reactive-jackson:jar:3.15.1 has been relocated to io.quarkus:quarkus-rest-jackson:jar:3.15.1: Update the artifactId in your project build file. Refer to https://github.com/quarkusio/quarkus/wiki/Migration-Guide-3.9 for more information.
[WARNING] The artifact io.quarkus:quarkus-rest-client-reactive-jackson:jar:3.15.1 has been relocated to io.quarkus:quarkus-rest-client-jackson:jar:3.15.1: Update the artifactId in your project build file. Refer to https://github.com/quarkusio/quarkus/wiki/Migration-Guide-3.9 for more information.
[INFO] 
[INFO] --- vaadin:24.5.3:configure (configure) @ jettra-web-vaadin ---
[INFO] Reflections took 361 ms to scan 289 urls, producing 6656 keys and 35419 values
[WARNING] The 'configure' goal is only meant to be used in Hilla projects with endpoints.
[INFO] 
[INFO] <<< vaadin:24.5.3:prepare-frontend (default) < :configure @ jettra-web-vaadin <<<
[INFO] 
[INFO] 
[INFO] --- vaadin:24.5.3:prepare-frontend (default) @ jettra-web-vaadin ---
[INFO] Reflections took 158 ms to scan 289 urls, producing 6656 keys and 35419 values
[INFO] Visited 119 classes. Took 68 ms.
[INFO] Copying frontend resources from jar files ...
[INFO] Visited 288 resources. Took 53 ms.
[INFO] 
[INFO] >>> vaadin:24.5.3:build-frontend (default) > :configure @ jettra-web-vaadin >>>
[INFO] 
[INFO] --- vaadin:24.5.3:configure (configure) @ jettra-web-vaadin ---
[INFO] Reflections took 178 ms to scan 289 urls, producing 6656 keys and 35419 values
[WARNING] The 'configure' goal is only meant to be used in Hilla projects with endpoints.
[INFO] 
[INFO] <<< vaadin:24.5.3:build-frontend (default) < :configure @ jettra-web-vaadin <<<
[INFO] 
[INFO] 
[INFO] --- vaadin:24.5.3:build-frontend (default) @ jettra-web-vaadin ---
[INFO] Reflections took 126 ms to scan 289 urls, producing 6656 keys and 35419 values
[INFO] Scanning classes to find frontend configurations and dependencies...
[INFO] Visited 6284 classes. Took 1298 ms.
[INFO] Checking if a production mode bundle build is needed
[INFO] A production mode bundle build is not needed
[INFO] Copying frontend resources from jar files ...
[INFO] Visited 288 resources. Took 49 ms.
[INFO] Scanning classes to find frontend configurations and dependencies...
[INFO] Visited 6284 classes. Took 996 ms.
[INFO] Build frontend completed in 2648 ms.
[INFO] 
[INFO] --- quarkus:3.15.1:generate-code-tests (default) @ jettra-web-vaadin ---
[INFO] 
[INFO] --- resources:3.3.1:testResources (default-testResources) @ jettra-web-vaadin ---
[INFO] skip non existing resourceDirectory /home/avbravo/NetBeansProjects/jettrastack_local/jettraDB/jettra-web-vaadin/src/test/resources
[INFO] 
[INFO] --- compiler:3.13.0:testCompile (default-testCompile) @ jettra-web-vaadin ---
[INFO] Recompiling the module because of changed dependency.
[INFO] 
[INFO] --- surefire:3.2.5:test (default-test) @ jettra-web-vaadin ---
[INFO] Tests are skipped.
[INFO] 
[INFO] --- jar:3.4.1:jar (default-jar) @ jettra-web-vaadin ---
[INFO] Building jar: /home/avbravo/NetBeansProjects/jettrastack_local/jettraDB/jettra-web-vaadin/target/jettra-web-vaadin-1.0.0-SNAPSHOT.jar
[INFO] 
[INFO] --- quarkus:3.15.1:build (default) @ jettra-web-vaadin ---
[WARNING] [io.quarkus.config] Unrecognized configuration key "quarkus.jvm.args" was provided; it will be ignored; verify that the dependency extension for this configuration is set or that you did not make a typo
[INFO] [io.quarkus.deployment.QuarkusAugmentor] Quarkus augmentation completed in 1176ms
[INFO] ------------------------------------------------------------------------
[INFO] BUILD SUCCESS
[INFO] ------------------------------------------------------------------------
[INFO] Total time:  8.754 s
[INFO] Finished at: 2026-01-19T14:58:18-05:00
[INFO] ------------------------------------------------------------------------
